3
4
6
Case #1:
c.**
..**
..**
2
2
0
Case #2:
c.
..
5
4
0
Case #3:
c...
....
....
....
....
5
5
14
Case #4:
Impossible
5
4
13
Case #5:
Impossible
4
2
0
Case #6:
c.
..
..
..
3
5
12
Case #7:
Impossible
3
4
0
Case #8:
c...
....
....
2
1
0
Case #9:
c
.
4
5
15
Case #10:
Impossible
4
5
12
Case #11:
c..**
...**
..***
*****
4
3
6
Case #12:
c..
...
***
***
3
5
0
Case #13:
c....
.....
.....
5
5
22
Case #14:
Impossible
5
4
12
Case #15:
c...
....
****
****
****
1
4
2
Case #16:
c.**
4
3
4
Case #17:
c..
...
..*
***
2
2
1
Case #18:
Impossible
5
4
15
Case #19:
Impossible
5
5
5
Case #20:
c....
.....
.....
.....
*****
1
2
1
Case #21:
c*
4
5
8
Case #22:
c....
.....
..***
*****
3
2
2
Case #23:
c.
..
**
5
5
11
Case #24:
c....
.....
....*
*****
*****
3
5
2
Case #25:
c....
.....
...**
4
2
1
Case #26:
Impossible
2
4
7
Case #27:
c***
****
2
2
2
Case #28:
Impossible
5
3
8
Case #29:
Impossible
5
5
9
Case #30:
c....
.....
....*
..***
*****
5
2
3
Case #31:
Impossible
4
1
2
Case #32:
c
.
*
*
5
2
0
Case #33:
c.
..
..
..
..
2
3
2
Case #34:
c.*
..*
5
2
8
Case #35:
Impossible
4
5
5
Case #36:
c....
.....
.....
*****
5
3
12
Case #37:
Impossible
3
3
7
Case #38:
Impossible
3
4
1
Case #39:
c...
....
...*
2
5
4
Case #40:
c..**
...**
4
4
0
Case #41:
c...
....
....
....
3
1
2
Case #42:
c
*
*
5
3
9
Case #43:
c..
...
***
***
***
3
5
6
Case #44:
c..**
...**
...**
3
2
0
Case #45:
c.
..
..
5
5
20
Case #46:
Impossible
5
2
2
Case #47:
c.
..
..
..
**
2
3
4
Case #48:
Impossible
1
1
0
Case #49:
c
5
4
18
Case #50:
Impossible
2
5
5
Case #51:
Impossible
5
2
9
Case #52:
c*
**
**
**
**
5
5
23
Case #53:
Impossible
5
5
13
Case #54:
c....
.....
..***
*****
*****
5
4
2
Case #55:
c...
....
....
....
..**
3
3
4
Case #56:
Impossible
4
4
2
Case #57:
c...
....
....
..**
4
4
7
Case #58:
Impossible
4
4
12
Case #59:
Impossible
3
5
5
Case #60:
c....
.....
*****
5
5
2
Case #61:
c....
.....
.....
.....
...**
3
5
13
Case #62:
Impossible
2
3
0
Case #63:
c..
...
5
3
14
Case #64:
c**
***
***
***
***
2
1
1
Case #65:
c
*
4
5
9
Case #66:
c..**
...**
...**
..***
3
4
3
Case #67:
c..*
...*
...*
4
2
6
Case #68:
Impossible
3
4
9
Case #69:
Impossible
2
5
2
Case #70:
c...*
....*
5
5
7
Case #71:
c....
.....
.....
...**
*****
4
5
4
Case #72:
c...*
....*
....*
....*
5
5
18
Case #73:
Impossible
1
5
1
Case #74:
c...*
2
5
0
Case #75:
c....
.....
2
4
1
Case #76:
Impossible
2
3
3
Case #77:
Impossible
4
4
14
Case #78:
Impossible
3
1
0
Case #79:
c
.
.
4
1
0
Case #80:
c
.
.
.
5
5
19
Case #81:
c.***
..***
..***
*****
*****
5
3
7
Case #82:
c..
...
..*
***
***
4
2
5
Case #83:
Impossible
4
3
8
Case #84:
c.*
..*
***
***
4
5
3
Case #85:
c....
.....
.....
..***
5
4
19
Case #86:
c***
****
****
****
****
5
5
24
Case #87:
c****
*****
*****
*****
*****
3
4
4
Case #88:
c...
....
****
5
1
2
Case #89:
c
.
.
*
*
1
5
4
Case #90:
c****
5
2
7
Case #91:
Impossible
4
3
2
Case #92:
c..
...
..*
..*
4
2
2
Case #93:
c.
..
..
**
3
2
3
Case #94:
Impossible
1
5
2
Case #95:
c..**
4
3
9
Case #96:
Impossible
4
5
18
Case #97:
Impossible
5
1
4
Case #98:
c
*
*
*
*
4
4
1
Case #99:
c...
....
....
...*
5
5
17
Case #100:
c..**
...**
..***
*****
*****
3
5
14
Case #101:
c****
*****
*****
5
5
4
Case #102:
Impossible
5
4
7
Case #103:
c...
....
...*
..**
****
3
4
10
Case #104:
Impossible
4
4
5
Case #105:
c...
....
...*
****
2
5
3
Case #106:
Impossible
5
5
6
Case #107:
c....
.....
.....
....*
*****
1
3
1
Case #108:
c.*
2
4
2
Case #109:
c..*
...*
5
5
10
Case #110:
c....
.....
.....
*****
*****
4
5
16
Case #111:
Impossible
3
4
8
Case #112:
c.**
..**
****
4
5
17
Case #113:
Impossible
5
2
1
Case #114:
Impossible
4
5
1
Case #115:
c....
.....
.....
....*
4
1
1
Case #116:
c
.
.
*
3
5
4
Case #117:
c...*
....*
...**
4
5
6
Case #118:
c....
.....
....*
*****
5
4
8
Case #119:
c...
....
....
****
****
4
4
15
Case #120:
c***
****
****
****
4
2
3
Case #121:
Impossible
4
3
5
Case #122:
Impossible
4
5
19
Case #123:
c****
*****
*****
*****
5
3
2
Case #124:
c..
...
...
..*
..*
5
5
12
Case #125:
c....
.....
...**
*****
*****
4
4
6
Case #126:
c...
....
..**
****
4
5
7
Case #127:
c....
.....
...**
*****
5
3
5
Case #128:
c..
...
..*
..*
***
3
5
7
Case #129:
c..**
...**
..***
3
2
4
Case #130:
Impossible
1
3
2
Case #131:
c**
5
4
10
Case #132:
c...
....
..**
****
****
5
5
8
Case #133:
c....
.....
.....
..***
*****
3
3
3
Case #134:
c..
...
***
3
3
1
Case #135:
c..
...
..*
4
4
11
Case #136:
Impossible
3
3
8
Case #137:
c**
***
***
4
3
1
Case #138:
c..
...
...
..*
3
5
3
Case #139:
c....
.....
..***
5
5
0
Case #140:
c....
.....
.....
.....
.....
5
5
21
Case #141:
Impossible
4
4
8
Case #142:
c...
....
****
****
5
4
16
Case #143:
Impossible
5
4
4
Case #144:
c...
....
....
....
****
3
2
5
Case #145:
c*
**
**
3
3
0
Case #146:
c..
...
...
3
5
8
Case #147:
Impossible
5
3
11
Case #148:
c.*
..*
***
***
***
4
3
10
Case #149:
Impossible
5
2
6
Case #150:
c.
..
**
**
**
4
3
11
Case #151:
c**
***
***
***
5
5
15
Case #152:
c....
.....
*****
*****
*****
5
1
1
Case #153:
c
.
.
.
*
3
4
7
Case #154:
Impossible
4
4
4
Case #155:
c...
....
....
****
5
5
1
Case #156:
c....
.....
.....
.....
....*
3
2
1
Case #157:
Impossible
5
3
4
Case #158:
c..
...
...
..*
***
2
5
8
Case #159:
Impossible
5
5
16
Case #160:
c..**
...**
...**
*****
*****
5
4
6
Case #161:
c...
....
....
..**
****
4
2
4
Case #162:
c.
..
**
**
3
3
6
Case #163:
Impossible
2
4
0
Case #164:
c...
....
5
3
13
Case #165:
Impossible
4
4
10
Case #166:
c.**
..**
..**
****
3
1
1
Case #167:
c
.
*
1
5
0
Case #168:
c....
3
3
5
Case #169:
Impossible
5
4
17
Case #170:
Impossible
4
5
10
Case #171:
c....
.....
*****
*****
5
3
0
Case #172:
c..
...
...
...
...
5
3
3
Case #173:
c..
...
...
...
***
4
5
0
Case #174:
c....
.....
.....
.....
4
5
13
Case #175:
Impossible
5
3
6
Case #176:
c..
...
...
***
***
1
5
3
Case #177:
c.***
4
5
2
Case #178:
c....
.....
.....
...**
5
2
4
Case #179:
c.
..
..
**
**
5
4
1
Case #180:
c...
....
....
....
...*
3
4
11
Case #181:
c***
****
****
4
3
3
Case #182:
c..
...
...
***
4
4
3
Case #183:
Impossible
4
3
7
Case #184:
Impossible
3
3
2
Case #185:
Impossible
4
4
13
Case #186:
Impossible
2
5
6
Case #187:
c.***
..***
3
5
10
Case #188:
Impossible
5
3
10
Case #189:
Impossible
5
2
5
Case #190:
Impossible
3
4
2
Case #191:
c...
....
..**
1
4
3
Case #192:
c***
5
4
5
Case #193:
c...
....
....
...*
****
5
4
9
Case #194:
c...
....
...*
****
****
2
5
1
Case #195:
Impossible
2
4
6
Case #196:
Impossible
2
3
1
Case #197:
Impossible
5
1
0
Case #198:
c
.
.
.
.
1
2
0
Case #199:
c.
2
5
7
Case #200:
Impossible
5
4
14
Case #201:
c.**
..**
..**
****
****
1
4
1
Case #202:
c..*
3
5
1
Case #203:
c....
.....
....*
5
4
3
Case #204:
c...
....
...*
...*
...*
2
4
4
Case #205:
c.**
..**
4
3
0
Case #206:
c..
...
...
...
5
4
11
Case #207:
c..*
...*
...*
****
****
4
1
3
Case #208:
c
*
*
*
5
1
3
Case #209:
c
.
*
*
*
1
4
0
Case #210:
c...
4
5
11
Case #211:
c..**
...**
...**
*****
3
4
5
Case #212:
Impossible
3
5
11
Case #213:
c.***
..***
*****
5
5
3
Case #214:
c....
.....
.....
.....
..***
5
3
1
Case #215:
c..
...
...
...
..*
1
3
0
Case #216:
c..
2
5
9
Case #217:
c****
*****
2
3
5
Case #218:
c**
***
4
4
9
Case #219:
Impossible
4
2
7
Case #220:
c*
**
**
**
2
2
3
Case #221:
c*
**
4
5
14
Case #222:
c.***
..***
..***
*****
2
4
3
Case #223:
Impossible
3
5
9
Case #224:
c.***
..***
..***
2
4
5
Case #225:
Impossible
