5
5
14
Case #1:
Impossible
5
5
13
Case #2:
c....
.....
..***
*****
*****
5
4
6
Case #3:
c...
....
....
..**
****
4
3
10
Case #4:
Impossible
4
4
7
Case #5:
Impossible
5
2
3
Case #6:
Impossible
2
4
4
Case #7:
c.**
..**
5
1
1
Case #8:
c
.
.
.
*
3
5
13
Case #9:
Impossible
4
5
8
Case #10:
c....
.....
..***
*****
2
1
1
Case #11:
c
*
1
4
2
Case #12:
c.**
5
2
6
Case #13:
c.
..
**
**
**
4
5
19
Case #14:
c****
*****
*****
*****
2
5
3
Case #15:
Impossible
3
5
8
Case #16:
Impossible
5
4
13
Case #17:
Impossible
4
1
3
Case #18:
c
*
*
*
3
5
10
Case #19:
Impossible
3
5
5
Case #20:
c....
.....
*****
4
4
4
Case #21:
c...
....
....
****
3
3
3
Case #22:
c..
...
***
4
4
11
Case #23:
Impossible
5
4
2
Case #24:
c...
....
....
....
..**
5
2
1
Case #25:
Impossible
5
2
7
Case #26:
Impossible
3
3
0
Case #27:
c..
...
...
4
5
17
Case #28:
Impossible
3
5
1
Case #29:
c....
.....
....*
5
1
3
Case #30:
c
.
*
*
*
5
3
2
Case #31:
c..
...
...
..*
..*
4
2
3
Case #32:
Impossible
5
5
9
Case #33:
c....
.....
....*
..***
*****
5
5
19
Case #34:
c.***
..***
..***
*****
*****
5
5
8
Case #35:
c....
.....
.....
..***
*****
2
5
0
Case #36:
c....
.....
4
4
8
Case #37:
c...
....
****
****
3
4
0
Case #38:
c...
....
....
3
4
1
Case #39:
c...
....
...*
4
1
1
Case #40:
c
.
.
*
4
5
13
Case #41:
Impossible
3
5
12
Case #42:
Impossible
4
2
2
Case #43:
c.
..
..
**
5
2
2
Case #44:
c.
..
..
..
**
4
5
15
Case #45:
Impossible
4
4
5
Case #46:
c...
....
...*
****
3
5
14
Case #47:
c****
*****
*****
4
2
0
Case #48:
c.
..
..
..
5
4
14
Case #49:
c.**
..**
..**
****
****
5
4
3
Case #50:
c...
....
...*
...*
...*
3
4
11
Case #51:
c***
****
****
2
5
4
Case #52:
c..**
...**
5
5
2
Case #53:
c....
.....
.....
.....
...**
5
5
24
Case #54:
c****
*****
*****
*****
*****
4
4
14
Case #55:
Impossible
3
4
5
Case #56:
Impossible
4
4
15
Case #57:
c***
****
****
****
1
5
0
Case #58:
c....
5
3
9
Case #59:
c..
...
***
***
***
5
4
7
Case #60:
c...
....
...*
..**
****
1
4
3
Case #61:
c***
5
5
12
Case #62:
c....
.....
...**
*****
*****
5
2
5
Case #63:
Impossible
4
5
4
Case #64:
c...*
....*
....*
....*
4
4
10
Case #65:
c.**
..**
..**
****
5
4
18
Case #66:
Impossible
3
3
1
Case #67:
c..
...
..*
3
5
2
Case #68:
c....
.....
...**
5
5
5
Case #69:
c....
.....
.....
.....
*****
1
1
0
Case #70:
c
4
5
9
Case #71:
c..**
...**
...**
..***
3
1
2
Case #72:
c
*
*
1
5
4
Case #73:
c****
5
5
18
Case #74:
Impossible
4
5
14
Case #75:
c.***
..***
..***
*****
5
2
4
Case #76:
c.
..
..
**
**
4
2
4
Case #77:
c.
..
**
**
3
4
4
Case #78:
c...
....
****
3
1
0
Case #79:
c
.
.
4
4
13
Case #80:
Impossible
5
2
8
Case #81:
Impossible
5
3
1
Case #82:
c..
...
...
...
..*
3
5
9
Case #83:
c.***
..***
..***
4
3
2
Case #84:
c..
...
..*
..*
3
5
0
Case #85:
c....
.....
.....
4
4
6
Case #86:
c...
....
..**
****
5
5
21
Case #87:
Impossible
5
5
15
Case #88:
c....
.....
*****
*****
*****
1
2
0
Case #89:
c.
5
3
12
Case #90:
Impossible
5
3
10
Case #91:
Impossible
2
3
1
Case #92:
Impossible
4
5
18
Case #93:
Impossible
5
5
22
Case #94:
Impossible
3
3
6
Case #95:
Impossible
3
2
3
Case #96:
Impossible
2
3
4
Case #97:
Impossible
5
5
4
Case #98:
Impossible
2
2
1
Case #99:
Impossible
4
5
12
Case #100:
c..**
...**
..***
*****
1
2
1
Case #101:
c*
2
3
2
Case #102:
c.*
..*
2
3
3
Case #103:
Impossible
5
5
23
Case #104:
Impossible
3
3
5
Case #105:
Impossible
1
4
0
Case #106:
c...
2
5
5
Case #107:
Impossible
3
2
0
Case #108:
c.
..
..
4
3
3
Case #109:
c..
...
...
***
4
2
6
Case #110:
Impossible
5
4
11
Case #111:
c..*
...*
...*
****
****
4
5
5
Case #112:
c....
.....
.....
*****
5
2
0
Case #113:
c.
..
..
..
..
2
4
1
Case #114:
Impossible
4
4
0
Case #115:
c...
....
....
....
3
1
1
Case #116:
c
.
*
3
3
4
Case #117:
Impossible
5
5
11
Case #118:
c....
.....
....*
*****
*****
5
4
15
Case #119:
Impossible
5
1
0
Case #120:
c
.
.
.
.
3
2
1
Case #121:
Impossible
2
2
3
Case #122:
c*
**
5
3
7
Case #123:
c..
...
..*
***
***
1
3
1
Case #124:
c.*
1
5
3
Case #125:
c.***
5
2
9
Case #126:
c*
**
**
**
**
4
3
6
Case #127:
c..
...
***
***
3
4
2
Case #128:
c...
....
..**
1
3
0
Case #129:
c..
5
4
16
Case #130:
Impossible
5
1
2
Case #131:
c
.
.
*
*
4
3
11
Case #132:
c**
***
***
***
4
3
1
Case #133:
c..
...
...
..*
2
2
2
Case #134:
Impossible
1
5
1
Case #135:
c...*
4
4
3
Case #136:
Impossible
4
5
0
Case #137:
c....
.....
.....
.....
4
3
7
Case #138:
Impossible
3
5
4
Case #139:
c...*
....*
...**
2
4
2
Case #140:
c..*
...*
5
3
11
Case #141:
c.*
..*
***
***
***
3
5
6
Case #142:
c..**
...**
...**
1
4
1
Case #143:
c..*
2
4
6
Case #144:
Impossible
4
1
2
Case #145:
c
.
*
*
2
5
2
Case #146:
c...*
....*
4
5
11
Case #147:
c..**
...**
...**
*****
4
3
9
Case #148:
Impossible
4
4
9
Case #149:
Impossible
5
4
8
Case #150:
c...
....
....
****
****
5
5
10
Case #151:
c....
.....
.....
*****
*****
2
3
5
Case #152:
c**
***
1
3
2
Case #153:
c**
5
4
0
Case #154:
c...
....
....
....
....
4
2
1
Case #155:
Impossible
2
5
7
Case #156:
Impossible
3
3
2
Case #157:
Impossible
5
5
0
Case #158:
c....
.....
.....
.....
.....
3
5
11
Case #159:
c.***
..***
*****
5
4
4
Case #160:
c...
....
....
....
****
4
2
5
Case #161:
Impossible
4
3
4
Case #162:
c..
...
..*
***
4
1
0
Case #163:
c
.
.
.
5
5
17
Case #164:
c..**
...**
..***
*****
*****
5
4
1
Case #165:
c...
....
....
....
...*
5
3
8
Case #166:
Impossible
4
4
12
Case #167:
Impossible
4
5
16
Case #168:
Impossible
4
5
7
Case #169:
c....
.....
...**
*****
2
5
1
Case #170:
Impossible
2
4
7
Case #171:
c***
****
5
4
10
Case #172:
c...
....
..**
****
****
5
5
6
Case #173:
c....
.....
.....
....*
*****
5
4
19
Case #174:
c***
****
****
****
****
2
5
6
Case #175:
c.***
..***
5
3
4
Case #176:
c..
...
...
..*
***
3
5
7
Case #177:
c..**
...**
..***
5
4
5
Case #178:
c...
....
....
...*
****
5
4
17
Case #179:
Impossible
2
4
3
Case #180:
Impossible
4
5
2
Case #181:
c....
.....
.....
...**
3
2
5
Case #182:
c*
**
**
5
3
13
Case #183:
Impossible
3
4
7
Case #184:
Impossible
2
3
0
Case #185:
c..
...
3
4
6
Case #186:
c.**
..**
..**
5
1
4
Case #187:
c
*
*
*
*
4
3
8
Case #188:
c.*
..*
***
***
5
5
7
Case #189:
c....
.....
.....
...**
*****
3
3
7
Case #190:
Impossible
5
3
0
Case #191:
c..
...
...
...
...
3
4
8
Case #192:
c.**
..**
****
3
4
10
Case #193:
Impossible
3
3
8
Case #194:
c**
***
***
2
4
5
Case #195:
Impossible
5
4
9
Case #196:
c...
....
...*
****
****
5
3
3
Case #197:
c..
...
...
...
***
3
4
3
Case #198:
c..*
...*
...*
5
5
3
Case #199:
c....
.....
.....
.....
..***
4
5
10
Case #200:
c....
.....
*****
*****
3
2
2
Case #201:
c.
..
**
5
3
6
Case #202:
c..
...
...
***
***
2
5
8
Case #203:
Impossible
2
5
9
Case #204:
c****
*****
4
5
1
Case #205:
c....
.....
.....
....*
4
5
6
Case #206:
c....
.....
....*
*****
3
2
4
Case #207:
Impossible
4
4
2
Case #208:
c...
....
....
..**
4
3
0
Case #209:
c..
...
...
...
5
3
5
Case #210:
c..
...
..*
..*
***
1
5
2
Case #211:
c..**
5
3
14
Case #212:
c**
***
***
***
***
2
1
0
Case #213:
c
.
4
2
7
Case #214:
c*
**
**
**
5
5
1
Case #215:
c....
.....
.....
.....
....*
5
5
16
Case #216:
c..**
...**
...**
*****
*****
3
4
9
Case #217:
Impossible
2
2
0
Case #218:
c.
..
3
5
3
Case #219:
c....
.....
..***
4
4
1
Case #220:
c...
....
....
...*
4
3
5
Case #221:
Impossible
4
5
3
Case #222:
c....
.....
.....
..***
5
5
20
Case #223:
Impossible
5
4
12
Case #224:
c...
....
****
****
****
2
4
0
Case #225:
c...
....
