Case #1: 3 1
Case #2: 5 5
Case #3: 0 0
Case #4: 2 0
Case #5: 0 0
Case #6: 4 4
Case #7: 9 4
Case #8: 7 0
Case #9: 9 3
Case #10: 9 3
Case #11: 10 10
Case #12: 6 1
Case #13: 8 4
Case #14: 6 1
Case #15: 3 2
Case #16: 6 5
Case #17: 9 5
Case #18: 7 2
Case #19: 1 0
Case #20: 2 1
Case #21: 2 1
Case #22: 10 10
Case #23: 2 2
Case #24: 6 0
Case #25: 6 3
Case #26: 6 1
Case #27: 3 3
Case #28: 6 1
Case #29: 0 0
Case #30: 8 2
Case #31: 10 10
Case #32: 0 0
Case #33: 2 1
Case #34: 8 4
Case #35: 3 1
Case #36: 4 1
Case #37: 1 1
Case #38: 7 1
Case #39: 4 2
Case #40: 7 2
Case #41: 8 1
Case #42: 7 4
Case #43: 8 1
Case #44: 9 4
Case #45: 6 1
Case #46: 1 1
Case #47: 7 1
Case #48: 8 3
Case #49: 1 1
Case #50: 4 2
